This file contains any messages produced by compilers while
running configure, to aid debugging if configure makes a mistake.

It was created by rcssmonitor configure 17.0.0, which was
generated by GNU Autoconf 2.69.  Invocation command line was

  $ ./configure 

## --------- ##
## Platform. ##
## --------- ##

hostname = borg
uname -m = x86_64
uname -r = 5.13.0-39-generic
uname -s = Linux
uname -v = #44~20.04.1-Ubuntu SMP Thu Mar 24 16:43:35 UTC 2022

/usr/bin/uname -p = x86_64
/bin/uname -X     = unknown

/bin/arch              = x86_64
/usr/bin/arch -k       = unknown
/usr/convex/getsysinfo = unknown
/usr/bin/hostinfo      = unknown
/bin/machine           = unknown
/usr/bin/oslevel       = unknown
/bin/universe          = unknown

PATH: /home/borg/catkin_ws/devel/bin
PATH: /opt/ros/noetic/bin
PATH: /home/borg/.local/bin
PATH: /usr/local/sbin
PATH: /usr/local/bin
PATH: /usr/sbin
PATH: /usr/bin
PATH: /sbin
PATH: /bin
PATH: /usr/games
PATH: /usr/local/games
PATH: /snap/bin
PATH: /home/borg/intelFPGA_lite/20.1/quartus/bin
PATH: /home/borg/intelFPGA_lite/20.1/modelsim_ase/linuxaloem/
PATH: /home/borg/intelFPGA_lite/20.1/modelsim_ase/lib32


## ----------- ##
## Core tests. ##
## ----------- ##

configure:2617: checking for a BSD-compatible install
configure:2685: result: /usr/bin/install -c
configure:2696: checking whether build environment is sane
configure:2751: result: yes
configure:2900: checking for a thread-safe mkdir -p
configure:2939: result: /usr/bin/mkdir -p
configure:2946: checking for gawk
configure:2976: result: no
configure:2946: checking for mawk
configure:2962: found /usr/bin/mawk
configure:2973: result: mawk
configure:2984: checking whether make sets $(MAKE)
configure:3006: result: yes
configure:3035: checking whether make supports nested variables
configure:3052: result: yes
configure:3216: checking build system type
configure:3230: result: x86_64-pc-linux-gnu
configure:3250: checking host system type
configure:3263: result: x86_64-pc-linux-gnu
configure:3304: checking how to print strings
configure:3331: result: printf
configure:3356: checking whether make supports the include directive
configure:3371: make -f confmf.GNU && cat confinc.out
this is the am__doit target
configure:3374: $? = 0
configure:3393: result: yes (GNU style)
configure:3463: checking for gcc
configure:3479: found /usr/bin/gcc
configure:3490: result: gcc
configure:3719: checking for C compiler version
configure:3728: gcc --version >&5
gcc (Ubuntu 9.4.0-1ubuntu1~20.04.1) 9.4.0
Copyright (C) 2019 Free Software Foundation, Inc.
This is free software; see the source for copying conditions.  There is NO
warranty; not even for MERCHANTABILITY or FITNESS FOR A PARTICULAR PURPOSE.

configure:3739: $? = 0
configure:3728: gcc -v >&5
Using built-in specs.
COLLECT_GCC=gcc
COLLECT_LTO_WRAPPER=/usr/lib/gcc/x86_64-linux-gnu/9/lto-wrapper
OFFLOAD_TARGET_NAMES=nvptx-none:hsa
OFFLOAD_TARGET_DEFAULT=1
Target: x86_64-linux-gnu
Configured with: ../src/configure -v --with-pkgversion='Ubuntu 9.4.0-1ubuntu1~20.04.1' --with-bugurl=file:///usr/share/doc/gcc-9/README.Bugs --enable-languages=c,ada,c++,go,brig,d,fortran,objc,obj-c++,gm2 --prefix=/usr --with-gcc-major-version-only --program-suffix=-9 --program-prefix=x86_64-linux-gnu- --enable-shared --enable-linker-build-id --libexecdir=/usr/lib --without-included-gettext --enable-threads=posix --libdir=/usr/lib --enable-nls --enable-clocale=gnu --enable-libstdcxx-debug --enable-libstdcxx-time=yes --with-default-libstdcxx-abi=new --enable-gnu-unique-object --disable-vtable-verify --enable-plugin --enable-default-pie --with-system-zlib --with-target-system-zlib=auto --enable-objc-gc=auto --enable-multiarch --disable-werror --with-arch-32=i686 --with-abi=m64 --with-multilib-list=m32,m64,mx32 --enable-multilib --with-tune=generic --enable-offload-targets=nvptx-none=/build/gcc-9-Av3uEd/gcc-9-9.4.0/debian/tmp-nvptx/usr,hsa --without-cuda-driver --enable-checking=release --build=x86_64-linux-gnu --host=x86_64-linux-gnu --target=x86_64-linux-gnu
Thread model: posix
gcc version 9.4.0 (Ubuntu 9.4.0-1ubuntu1~20.04.1) 
configure:3739: $? = 0
configure:3728: gcc -V >&5
gcc: error: unrecognized command line option '-V'
gcc: fatal error: no input files
compilation terminated.
configure:3739: $? = 1
configure:3728: gcc -qversion >&5
gcc: error: unrecognized command line option '-qversion'; did you mean '--version'?
gcc: fatal error: no input files
compilation terminated.
configure:3739: $? = 1
configure:3759: checking whether the C compiler works
configure:3781: gcc    conftest.c  >&5
configure:3785: $? = 0
configure:3833: result: yes
configure:3836: checking for C compiler default output file name
configure:3838: result: a.out
configure:3844: checking for suffix of executables
configure:3851: gcc -o conftest    conftest.c  >&5
configure:3855: $? = 0
configure:3877: result: 
configure:3899: checking whether we are cross compiling
configure:3907: gcc -o conftest    conftest.c  >&5
configure:3911: $? = 0
configure:3918: ./conftest
configure:3922: $? = 0
configure:3910: result: no
configure:3915: checking for suffix of object files
configure:3937: gcc -c   conftest.c >&5
configure:3941: $? = 0
configure:3962: result: o
configure:3966: checking whether we are using the GNU C compiler
configure:3985: gcc -c   conftest.c >&5
configure:3985: $? = 0
configure:3994: result: yes
configure:4003: checking whether gcc accepts -g
configure:4023: gcc -c -g  conftest.c >&5
configure:4023: $? = 0
configure:4064: result: yes
configure:4081: checking for gcc option to accept ISO C89
configure:4144: gcc  -c -g -O2  conftest.c >&5
configure:4144: $? = 0
configure:4157: result: none needed
configure:4182: checking whether gcc understands -c and -o together
configure:4204: gcc -c conftest.c -o conftest2.o
configure:4207: $? = 0
configure:4204: gcc -c conftest.c -o conftest2.o
configure:4207: $? = 0
configure:4219: result: yes
configure:4238: checking dependency style of gcc
configure:4349: result: gcc3
configure:4364: checking for a sed that does not truncate output
configure:4428: result: /usr/bin/sed
configure:4446: checking for grep that handles long lines and -e
configure:4504: result: /usr/bin/grep
configure:4509: checking for egrep
configure:4571: result: /usr/bin/grep -E
configure:4576: checking for fgrep
configure:4638: result: /usr/bin/grep -F
configure:4673: checking for ld used by gcc
configure:4740: result: /usr/bin/ld
configure:4747: checking if the linker (/usr/bin/ld) is GNU ld
configure:4762: result: yes
configure:4774: checking for BSD- or MS-compatible name lister (nm)
configure:4828: result: /usr/bin/nm -B
configure:4958: checking the name lister (/usr/bin/nm -B) interface
configure:4965: gcc -c -g -O2  conftest.c >&5
configure:4968: /usr/bin/nm -B "conftest.o"
configure:4971: output
0000000000000000 B some_variable
configure:4972: result: BSD nm
configure:4975: checking whether ln -s works
configure:4979: result: yes
configure:4987: checking the maximum length of command line arguments
configure:5118: result: 1572864
configure:5166: checking how to convert x86_64-pc-linux-gnu file names to x86_64-pc-linux-gnu format
configure:5206: result: func_convert_file_noop
configure:5213: checking how to convert x86_64-pc-linux-gnu file names to toolchain format
configure:5233: result: func_convert_file_noop
configure:5240: checking for /usr/bin/ld option to reload object files
configure:5247: result: -r
configure:5321: checking for objdump
configure:5337: found /usr/bin/objdump
configure:5348: result: objdump
configure:5380: checking how to recognize dependent libraries
configure:5580: result: pass_all
configure:5665: checking for dlltool
configure:5695: result: no
configure:5725: checking how to associate runtime and link libraries
configure:5752: result: printf %s\n
configure:5813: checking for ar
configure:5829: found /usr/bin/ar
configure:5840: result: ar
configure:5877: checking for archiver @FILE support
configure:5894: gcc -c -g -O2  conftest.c >&5
configure:5894: $? = 0
configure:5897: ar cr libconftest.a @conftest.lst >&5
configure:5900: $? = 0
configure:5905: ar cr libconftest.a @conftest.lst >&5
ar: conftest.o: No such file or directory
configure:5908: $? = 1
configure:5907: result: @
configure:5965: checking for strip
configure:5981: found /usr/bin/strip
configure:5992: result: strip
configure:6064: checking for ranlib
configure:6080: found /usr/bin/ranlib
configure:6091: result: ranlib
configure:6193: checking command to parse /usr/bin/nm -B output from gcc object
configure:6346: gcc -c -g -O2  conftest.c >&5
configure:6349: $? = 0
configure:6353: /usr/bin/nm -B conftest.o | sed -n -e 's/^.*[	 ]\([ABCDGIRSTW][ABCDGIRSTW]*\)[	 ][	 ]*\([_A-Za-z][_A-Za-z0-9]*\)$/\1 \2 \2/p' | sed '/ __gnu_lto/d' > conftest.nm
configure:6419: gcc -o conftest -g -O2   conftest.c conftstm.o >&5
configure:6422: $? = 0
configure:6460: result: ok
configure:6507: checking for sysroot
configure:6537: result: no
configure:6544: checking for a working dd
configure:6582: result: /usr/bin/dd
configure:6586: checking how to truncate binary pipes
configure:6601: result: /usr/bin/dd bs=4096 count=1
configure:6737: gcc -c -g -O2  conftest.c >&5
configure:6740: $? = 0
configure:6930: checking for mt
configure:6946: found /usr/bin/mt
configure:6957: result: mt
configure:6980: checking if mt is a manifest tool
configure:6986: mt '-?'
configure:6994: result: no
configure:7671: checking how to run the C preprocessor
configure:7702: gcc -E  conftest.c
configure:7702: $? = 0
configure:7716: gcc -E  conftest.c
conftest.c:11:10: fatal error: ac_nonexistent.h: No such file or directory
   11 | #include <ac_nonexistent.h>
      |          ^~~~~~~~~~~~~~~~~~
compilation terminated.
configure:7716: $? = 1
configure: failed program was:
| /* confdefs.h */
| #define PACKAGE_NAME "rcssmonitor"
| #define PACKAGE_TARNAME "rcssmonitor"
| #define PACKAGE_VERSION "17.0.0"
| #define PACKAGE_STRING "rcssmonitor 17.0.0"
| #define PACKAGE_BUGREPORT "https://github.com/rcsoccersim/rcssmonitor"
| #define PACKAGE_URL ""
| #define PACKAGE "rcssmonitor"
| #define VERSION "17.0.0"
| /* end confdefs.h.  */
| #include <ac_nonexistent.h>
configure:7741: result: gcc -E
configure:7761: gcc -E  conftest.c
configure:7761: $? = 0
configure:7775: gcc -E  conftest.c
conftest.c:11:10: fatal error: ac_nonexistent.h: No such file or directory
   11 | #include <ac_nonexistent.h>
      |          ^~~~~~~~~~~~~~~~~~
compilation terminated.
configure:7775: $? = 1
configure: failed program was:
| /* confdefs.h */
| #define PACKAGE_NAME "rcssmonitor"
| #define PACKAGE_TARNAME "rcssmonitor"
| #define PACKAGE_VERSION "17.0.0"
| #define PACKAGE_STRING "rcssmonitor 17.0.0"
| #define PACKAGE_BUGREPORT "https://github.com/rcsoccersim/rcssmonitor"
| #define PACKAGE_URL ""
| #define PACKAGE "rcssmonitor"
| #define VERSION "17.0.0"
| /* end confdefs.h.  */
| #include <ac_nonexistent.h>
configure:7804: checking for ANSI C header files
configure:7824: gcc -c -g -O2  conftest.c >&5
configure:7824: $? = 0
configure:7897: gcc -o conftest -g -O2   conftest.c  >&5
configure:7897: $? = 0
configure:7897: ./conftest
configure:7897: $? = 0
configure:7908: result: yes
configure:7921: checking for sys/types.h
configure:7921: gcc -c -g -O2  conftest.c >&5
configure:7921: $? = 0
configure:7921: result: yes
configure:7921: checking for sys/stat.h
configure:7921: gcc -c -g -O2  conftest.c >&5
configure:7921: $? = 0
configure:7921: result: yes
configure:7921: checking for stdlib.h
configure:7921: gcc -c -g -O2  conftest.c >&5
configure:7921: $? = 0
configure:7921: result: yes
configure:7921: checking for string.h
configure:7921: gcc -c -g -O2  conftest.c >&5
configure:7921: $? = 0
configure:7921: result: yes
configure:7921: checking for memory.h
configure:7921: gcc -c -g -O2  conftest.c >&5
configure:7921: $? = 0
configure:7921: result: yes
configure:7921: checking for strings.h
configure:7921: gcc -c -g -O2  conftest.c >&5
configure:7921: $? = 0
configure:7921: result: yes
configure:7921: checking for inttypes.h
configure:7921: gcc -c -g -O2  conftest.c >&5
configure:7921: $? = 0
configure:7921: result: yes
configure:7921: checking for stdint.h
configure:7921: gcc -c -g -O2  conftest.c >&5
configure:7921: $? = 0
configure:7921: result: yes
configure:7921: checking for unistd.h
configure:7921: gcc -c -g -O2  conftest.c >&5
configure:7921: $? = 0
configure:7921: result: yes
configure:7935: checking for dlfcn.h
configure:7935: gcc -c -g -O2  conftest.c >&5
configure:7935: $? = 0
configure:7935: result: yes
configure:8189: checking for objdir
configure:8204: result: .libs
configure:8468: checking if gcc supports -fno-rtti -fno-exceptions
configure:8486: gcc -c -g -O2  -fno-rtti -fno-exceptions conftest.c >&5
cc1: warning: command line option '-fno-rtti' is valid for C++/D/ObjC++ but not for C
configure:8490: $? = 0
configure:8503: result: no
configure:8867: checking for gcc option to produce PIC
configure:8874: result: -fPIC -DPIC
configure:8882: checking if gcc PIC flag -fPIC -DPIC works
configure:8900: gcc -c -g -O2  -fPIC -DPIC -DPIC conftest.c >&5
configure:8904: $? = 0
configure:8917: result: yes
configure:8946: checking if gcc static flag -static works
configure:8974: result: yes
configure:8989: checking if gcc supports -c -o file.o
configure:9010: gcc -c -g -O2  -o out/conftest2.o conftest.c >&5
configure:9014: $? = 0
configure:9036: result: yes
configure:9044: checking if gcc supports -c -o file.o
configure:9091: result: yes
configure:9124: checking whether the gcc linker (/usr/bin/ld -m elf_x86_64) supports shared libraries
configure:10387: result: yes
configure:10424: checking whether -lc should be explicitly linked in
configure:10432: gcc -c -g -O2  conftest.c >&5
configure:10435: $? = 0
configure:10450: gcc -shared  -fPIC -DPIC conftest.o  -v -Wl,-soname -Wl,conftest -o conftest 2\>\&1 \| /usr/bin/grep  -lc  \>/dev/null 2\>\&1
configure:10453: $? = 0
configure:10467: result: no
configure:10627: checking dynamic linker characteristics
configure:11208: gcc -o conftest -g -O2   -Wl,-rpath -Wl,/foo conftest.c  >&5
configure:11208: $? = 0
configure:11457: result: GNU/Linux ld.so
configure:11579: checking how to hardcode library paths into programs
configure:11604: result: immediate
configure:12152: checking whether stripping libraries is possible
configure:12157: result: yes
configure:12192: checking if libtool supports shared libraries
configure:12194: result: yes
configure:12197: checking whether to build shared libraries
configure:12222: result: yes
configure:12225: checking whether to build static libraries
configure:12229: result: no
configure:9100: checking for g++
configure:9116: found /usr/bin/g++
configure:9127: result: g++
configure:9154: checking for C++ compiler version
configure:9163: g++ --version >&5
g++ (Ubuntu 9.4.0-1ubuntu1~20.04.1) 9.4.0
Copyright (C) 2019 Free Software Foundation, Inc.
This is free software; see the source for copying conditions.  There is NO
warranty; not even for MERCHANTABILITY or FITNESS FOR A PARTICULAR PURPOSE.

configure:9174: $? = 0
configure:9163: g++ -v >&5
Using built-in specs.
COLLECT_GCC=g++
COLLECT_LTO_WRAPPER=/usr/lib/gcc/x86_64-linux-gnu/9/lto-wrapper
OFFLOAD_TARGET_NAMES=nvptx-none:hsa
OFFLOAD_TARGET_DEFAULT=1
Target: x86_64-linux-gnu
Configured with: ../src/configure -v --with-pkgversion='Ubuntu 9.4.0-1ubuntu1~20.04.1' --with-bugurl=file:///usr/share/doc/gcc-9/README.Bugs --enable-languages=c,ada,c++,go,brig,d,fortran,objc,obj-c++,gm2 --prefix=/usr --with-gcc-major-version-only --program-suffix=-9 --program-prefix=x86_64-linux-gnu- --enable-shared --enable-linker-build-id --libexecdir=/usr/lib --without-included-gettext --enable-threads=posix --libdir=/usr/lib --enable-nls --enable-clocale=gnu --enable-libstdcxx-debug --enable-libstdcxx-time=yes --with-default-libstdcxx-abi=new --enable-gnu-unique-object --disable-vtable-verify --enable-plugin --enable-default-pie --with-system-zlib --with-target-system-zlib=auto --enable-objc-gc=auto --enable-multiarch --disable-werror --with-arch-32=i686 --with-abi=m64 --with-multilib-list=m32,m64,mx32 --enable-multilib --with-tune=generic --enable-offload-targets=nvptx-none=/build/gcc-9-Av3uEd/gcc-9-9.4.0/debian/tmp-nvptx/usr,hsa --without-cuda-driver --enable-checking=release --build=x86_64-linux-gnu --host=x86_64-linux-gnu --target=x86_64-linux-gnu
Thread model: posix
gcc version 9.4.0 (Ubuntu 9.4.0-1ubuntu1~20.04.1) 
configure:9174: $? = 0
configure:9163: g++ -V >&5
g++: error: unrecognized command line option '-V'
g++: fatal error: no input files
compilation terminated.
configure:9174: $? = 1
configure:9163: g++ -qversion >&5
g++: error: unrecognized command line option '-qversion'; did you mean '--version'?
g++: fatal error: no input files
compilation terminated.
configure:9174: $? = 1
configure:9178: checking whether we are using the GNU C++ compiler
configure:9197: g++ -c   conftest.cpp >&5
configure:9197: $? = 0
configure:9206: result: yes
configure:9215: checking whether g++ accepts -g
configure:9235: g++ -c -g  conftest.cpp >&5
configure:9235: $? = 0
configure:9276: result: yes
configure:9301: checking dependency style of g++
configure:9412: result: gcc3
configure:9446: checking how to run the C++ preprocessor
configure:9473: g++ -E  conftest.cpp
configure:9473: $? = 0
configure:9487: g++ -E  conftest.cpp
conftest.cpp:23:10: fatal error: ac_nonexistent.h: No such file or directory
   23 | #include <ac_nonexistent.h>
      |          ^~~~~~~~~~~~~~~~~~
compilation terminated.
configure:9487: $? = 1
configure: failed program was:
| /* confdefs.h */
| #define PACKAGE_NAME "rcssmonitor"
| #define PACKAGE_TARNAME "rcssmonitor"
| #define PACKAGE_VERSION "17.0.0"
| #define PACKAGE_STRING "rcssmonitor 17.0.0"
| #define PACKAGE_BUGREPORT "https://github.com/rcsoccersim/rcssmonitor"
| #define PACKAGE_URL ""
| #define PACKAGE "rcssmonitor"
| #define VERSION "17.0.0"
| #define STDC_HEADERS 1
| #define HAVE_SYS_TYPES_H 1
| #define HAVE_SYS_STAT_H 1
| #define HAVE_STDLIB_H 1
| #define HAVE_STRING_H 1
| #define HAVE_MEMORY_H 1
| #define HAVE_STRINGS_H 1
| #define HAVE_INTTYPES_H 1
| #define HAVE_STDINT_H 1
| #define HAVE_UNISTD_H 1
| #define HAVE_DLFCN_H 1
| #define LT_OBJDIR ".libs/"
| /* end confdefs.h.  */
| #include <ac_nonexistent.h>
configure:9512: result: g++ -E
configure:9532: g++ -E  conftest.cpp
configure:9532: $? = 0
configure:9546: g++ -E  conftest.cpp
conftest.cpp:23:10: fatal error: ac_nonexistent.h: No such file or directory
   23 | #include <ac_nonexistent.h>
      |          ^~~~~~~~~~~~~~~~~~
compilation terminated.
configure:9546: $? = 1
configure: failed program was:
| /* confdefs.h */
| #define PACKAGE_NAME "rcssmonitor"
| #define PACKAGE_TARNAME "rcssmonitor"
| #define PACKAGE_VERSION "17.0.0"
| #define PACKAGE_STRING "rcssmonitor 17.0.0"
| #define PACKAGE_BUGREPORT "https://github.com/rcsoccersim/rcssmonitor"
| #define PACKAGE_URL ""
| #define PACKAGE "rcssmonitor"
| #define VERSION "17.0.0"
| #define STDC_HEADERS 1
| #define HAVE_SYS_TYPES_H 1
| #define HAVE_SYS_STAT_H 1
| #define HAVE_STDLIB_H 1
| #define HAVE_STRING_H 1
| #define HAVE_MEMORY_H 1
| #define HAVE_STRINGS_H 1
| #define HAVE_INTTYPES_H 1
| #define HAVE_STDINT_H 1
| #define HAVE_UNISTD_H 1
| #define HAVE_DLFCN_H 1
| #define LT_OBJDIR ".libs/"
| /* end confdefs.h.  */
| #include <ac_nonexistent.h>
configure:9708: checking for ld used by g++
configure:9775: result: /usr/bin/ld -m elf_x86_64
configure:9782: checking if the linker (/usr/bin/ld -m elf_x86_64) is GNU ld
configure:9797: result: yes
configure:9852: checking whether the g++ linker (/usr/bin/ld -m elf_x86_64) supports shared libraries
configure:10925: result: yes
configure:10961: g++ -c -g -O2  conftest.cpp >&5
configure:10964: $? = 0
configure:11445: checking for g++ option to produce PIC
configure:11452: result: -fPIC -DPIC
configure:11460: checking if g++ PIC flag -fPIC -DPIC works
configure:11478: g++ -c -g -O2  -fPIC -DPIC -DPIC conftest.cpp >&5
configure:11482: $? = 0
configure:11495: result: yes
configure:11518: checking if g++ static flag -static works
configure:11546: result: yes
configure:11558: checking if g++ supports -c -o file.o
configure:11579: g++ -c -g -O2  -o out/conftest2.o conftest.cpp >&5
configure:11583: $? = 0
configure:11605: result: yes
configure:11610: checking if g++ supports -c -o file.o
configure:11657: result: yes
configure:11687: checking whether the g++ linker (/usr/bin/ld -m elf_x86_64) supports shared libraries
configure:11730: result: yes
configure:11871: checking dynamic linker characteristics
configure:12628: result: GNU/Linux ld.so
configure:12693: checking how to hardcode library paths into programs
configure:12718: result: immediate
configure:11643: checking for gcc
configure:11670: result: gcc
configure:11899: checking for C compiler version
configure:11908: gcc --version >&5
gcc (Ubuntu 9.4.0-1ubuntu1~20.04.1) 9.4.0
Copyright (C) 2019 Free Software Foundation, Inc.
This is free software; see the source for copying conditions.  There is NO
warranty; not even for MERCHANTABILITY or FITNESS FOR A PARTICULAR PURPOSE.

configure:11919: $? = 0
configure:11908: gcc -v >&5
Using built-in specs.
COLLECT_GCC=gcc
COLLECT_LTO_WRAPPER=/usr/lib/gcc/x86_64-linux-gnu/9/lto-wrapper
OFFLOAD_TARGET_NAMES=nvptx-none:hsa
OFFLOAD_TARGET_DEFAULT=1
Target: x86_64-linux-gnu
Configured with: ../src/configure -v --with-pkgversion='Ubuntu 9.4.0-1ubuntu1~20.04.1' --with-bugurl=file:///usr/share/doc/gcc-9/README.Bugs --enable-languages=c,ada,c++,go,brig,d,fortran,objc,obj-c++,gm2 --prefix=/usr --with-gcc-major-version-only --program-suffix=-9 --program-prefix=x86_64-linux-gnu- --enable-shared --enable-linker-build-id --libexecdir=/usr/lib --without-included-gettext --enable-threads=posix --libdir=/usr/lib --enable-nls --enable-clocale=gnu --enable-libstdcxx-debug --enable-libstdcxx-time=yes --with-default-libstdcxx-abi=new --enable-gnu-unique-object --disable-vtable-verify --enable-plugin --enable-default-pie --with-system-zlib --with-target-system-zlib=auto --enable-objc-gc=auto --enable-multiarch --disable-werror --with-arch-32=i686 --with-abi=m64 --with-multilib-list=m32,m64,mx32 --enable-multilib --with-tune=generic --enable-offload-targets=nvptx-none=/build/gcc-9-Av3uEd/gcc-9-9.4.0/debian/tmp-nvptx/usr,hsa --without-cuda-driver --enable-checking=release --build=x86_64-linux-gnu --host=x86_64-linux-gnu --target=x86_64-linux-gnu
Thread model: posix
gcc version 9.4.0 (Ubuntu 9.4.0-1ubuntu1~20.04.1) 
configure:11919: $? = 0
configure:11908: gcc -V >&5
gcc: error: unrecognized command line option '-V'
gcc: fatal error: no input files
compilation terminated.
configure:11919: $? = 1
configure:11908: gcc -qversion >&5
gcc: error: unrecognized command line option '-qversion'; did you mean '--version'?
gcc: fatal error: no input files
compilation terminated.
configure:11919: $? = 1
configure:11923: checking whether we are using the GNU C compiler
configure:11951: result: yes
configure:11960: checking whether gcc accepts -g
configure:12021: result: yes
configure:12038: checking for gcc option to accept ISO C89
configure:12114: result: none needed
configure:12139: checking whether gcc understands -c and -o together
configure:12176: result: yes
configure:12195: checking dependency style of gcc
configure:12306: result: gcc3
configure:12326: checking how to run the C preprocessor
configure:12396: result: gcc -E
configure:12416: gcc -E  conftest.c
configure:12416: $? = 0
configure:12430: gcc -E  conftest.c
conftest.c:23:10: fatal error: ac_nonexistent.h: No such file or directory
   23 | #include <ac_nonexistent.h>
      |          ^~~~~~~~~~~~~~~~~~
compilation terminated.
configure:12430: $? = 1
configure: failed program was:
| /* confdefs.h */
| #define PACKAGE_NAME "rcssmonitor"
| #define PACKAGE_TARNAME "rcssmonitor"
| #define PACKAGE_VERSION "17.0.0"
| #define PACKAGE_STRING "rcssmonitor 17.0.0"
| #define PACKAGE_BUGREPORT "https://github.com/rcsoccersim/rcssmonitor"
| #define PACKAGE_URL ""
| #define PACKAGE "rcssmonitor"
| #define VERSION "17.0.0"
| #define STDC_HEADERS 1
| #define HAVE_SYS_TYPES_H 1
| #define HAVE_SYS_STAT_H 1
| #define HAVE_STDLIB_H 1
| #define HAVE_STRING_H 1
| #define HAVE_MEMORY_H 1
| #define HAVE_STRINGS_H 1
| #define HAVE_INTTYPES_H 1
| #define HAVE_STDINT_H 1
| #define HAVE_UNISTD_H 1
| #define HAVE_DLFCN_H 1
| #define LT_OBJDIR ".libs/"
| /* end confdefs.h.  */
| #include <ac_nonexistent.h>
configure:12570: checking for C++ compiler version
configure:12579: g++ --version >&5
g++ (Ubuntu 9.4.0-1ubuntu1~20.04.1) 9.4.0
Copyright (C) 2019 Free Software Foundation, Inc.
This is free software; see the source for copying conditions.  There is NO
warranty; not even for MERCHANTABILITY or FITNESS FOR A PARTICULAR PURPOSE.

configure:12590: $? = 0
configure:12579: g++ -v >&5
Using built-in specs.
COLLECT_GCC=g++
COLLECT_LTO_WRAPPER=/usr/lib/gcc/x86_64-linux-gnu/9/lto-wrapper
OFFLOAD_TARGET_NAMES=nvptx-none:hsa
OFFLOAD_TARGET_DEFAULT=1
Target: x86_64-linux-gnu
Configured with: ../src/configure -v --with-pkgversion='Ubuntu 9.4.0-1ubuntu1~20.04.1' --with-bugurl=file:///usr/share/doc/gcc-9/README.Bugs --enable-languages=c,ada,c++,go,brig,d,fortran,objc,obj-c++,gm2 --prefix=/usr --with-gcc-major-version-only --program-suffix=-9 --program-prefix=x86_64-linux-gnu- --enable-shared --enable-linker-build-id --libexecdir=/usr/lib --without-included-gettext --enable-threads=posix --libdir=/usr/lib --enable-nls --enable-clocale=gnu --enable-libstdcxx-debug --enable-libstdcxx-time=yes --with-default-libstdcxx-abi=new --enable-gnu-unique-object --disable-vtable-verify --enable-plugin --enable-default-pie --with-system-zlib --with-target-system-zlib=auto --enable-objc-gc=auto --enable-multiarch --disable-werror --with-arch-32=i686 --with-abi=m64 --with-multilib-list=m32,m64,mx32 --enable-multilib --with-tune=generic --enable-offload-targets=nvptx-none=/build/gcc-9-Av3uEd/gcc-9-9.4.0/debian/tmp-nvptx/usr,hsa --without-cuda-driver --enable-checking=release --build=x86_64-linux-gnu --host=x86_64-linux-gnu --target=x86_64-linux-gnu
Thread model: posix
gcc version 9.4.0 (Ubuntu 9.4.0-1ubuntu1~20.04.1) 
configure:12590: $? = 0
configure:12579: g++ -V >&5
g++: error: unrecognized command line option '-V'
g++: fatal error: no input files
compilation terminated.
configure:12590: $? = 1
configure:12579: g++ -qversion >&5
g++: error: unrecognized command line option '-qversion'; did you mean '--version'?
g++: fatal error: no input files
compilation terminated.
configure:12590: $? = 1
configure:12594: checking whether we are using the GNU C++ compiler
configure:12622: result: yes
configure:12631: checking whether g++ accepts -g
configure:12692: result: yes
configure:12717: checking dependency style of g++
configure:12828: result: gcc3
configure:12848: checking for cos in -lm
configure:12873: gcc -o conftest -g -O2   conftest.c -lm   >&5
conftest.c:30:6: warning: conflicting types for built-in function 'cos'; expected 'double(double)' [-Wbuiltin-declaration-mismatch]
   30 | char cos ();
      |      ^~~
conftest.c:1:1: note: 'cos' is declared in header '<math.h>'
    1 | /* confdefs.h */
configure:12873: $? = 0
configure:12882: result: yes
configure:12894: checking if zlib is wanted
configure:12916: result: yes
configure:12946: checking for inflateEnd in -lz
configure:12971: gcc -o conftest -g -O2  -I/usr/include  -L/usr/lib conftest.c -lz  -lm  >&5
configure:12971: $? = 0
configure:12980: result: yes
configure:12988: checking zlib.h usability
configure:12988: gcc -c -g -O2  -I/usr/include conftest.c >&5
configure:12988: $? = 0
configure:12988: result: yes
configure:12988: checking zlib.h presence
configure:12988: gcc -E  -I/usr/include conftest.c
configure:12988: $? = 0
configure:12988: result: yes
configure:12988: checking for zlib.h
configure:12988: result: yes
configure:13032: checking arpa/inet.h usability
configure:13032: gcc -c -g -O2  -I/usr/include -I/usr/include conftest.c >&5
configure:13032: $? = 0
configure:13032: result: yes
configure:13032: checking arpa/inet.h presence
configure:13032: gcc -E  -I/usr/include -I/usr/include conftest.c
configure:13032: $? = 0
configure:13032: result: yes
configure:13032: checking for arpa/inet.h
configure:13032: result: yes
configure:13047: checking for stdbool.h that conforms to C99
configure:13114: gcc -c -g -O2  -I/usr/include -I/usr/include conftest.c >&5
configure:13114: $? = 0
configure:13121: result: yes
configure:13123: checking for _Bool
configure:13123: gcc -c -g -O2  -I/usr/include -I/usr/include conftest.c >&5
configure:13123: $? = 0
configure:13123: gcc -c -g -O2  -I/usr/include -I/usr/include conftest.c >&5
conftest.c: In function 'main':
conftest.c:61:20: error: expected expression before ')' token
   61 | if (sizeof ((_Bool)))
      |                    ^
configure:13123: $? = 1
configure: failed program was:
| /* confdefs.h */
| #define PACKAGE_NAME "rcssmonitor"
| #define PACKAGE_TARNAME "rcssmonitor"
| #define PACKAGE_VERSION "17.0.0"
| #define PACKAGE_STRING "rcssmonitor 17.0.0"
| #define PACKAGE_BUGREPORT "https://github.com/rcsoccersim/rcssmonitor"
| #define PACKAGE_URL ""
| #define PACKAGE "rcssmonitor"
| #define VERSION "17.0.0"
| #define STDC_HEADERS 1
| #define HAVE_SYS_TYPES_H 1
| #define HAVE_SYS_STAT_H 1
| #define HAVE_STDLIB_H 1
| #define HAVE_STRING_H 1
| #define HAVE_MEMORY_H 1
| #define HAVE_STRINGS_H 1
| #define HAVE_INTTYPES_H 1
| #define HAVE_STDINT_H 1
| #define HAVE_UNISTD_H 1
| #define HAVE_DLFCN_H 1
| #define LT_OBJDIR ".libs/"
| #define HAVE_LIBZ 1
| #define HAVE_ARPA_INET_H 1
| /* end confdefs.h.  */
| #include <stdio.h>
| #ifdef HAVE_SYS_TYPES_H
| # include <sys/types.h>
| #endif
| #ifdef HAVE_SYS_STAT_H
| # include <sys/stat.h>
| #endif
| #ifdef STDC_HEADERS
| # include <stdlib.h>
| # include <stddef.h>
| #else
| # ifdef HAVE_STDLIB_H
| #  include <stdlib.h>
| # endif
| #endif
| #ifdef HAVE_STRING_H
| # if !defined STDC_HEADERS && defined HAVE_MEMORY_H
| #  include <memory.h>
| # endif
| # include <string.h>
| #endif
| #ifdef HAVE_STRINGS_H
| # include <strings.h>
| #endif
| #ifdef HAVE_INTTYPES_H
| # include <inttypes.h>
| #endif
| #ifdef HAVE_STDINT_H
| # include <stdint.h>
| #endif
| #ifdef HAVE_UNISTD_H
| # include <unistd.h>
| #endif
| int
| main ()
| {
| if (sizeof ((_Bool)))
| 	    return 0;
|   ;
|   return 0;
| }
configure:13123: result: yes
configure:13140: checking for inline
configure:13156: gcc -c -g -O2  -I/usr/include -I/usr/include conftest.c >&5
configure:13156: $? = 0
configure:13164: result: inline
configure:13182: checking for an ANSI C-conforming const
configure:13248: gcc -c -g -O2  -I/usr/include -I/usr/include conftest.c >&5
configure:13248: $? = 0
configure:13255: result: yes
configure:13263: checking for int16_t
configure:13263: gcc -c -g -O2  -I/usr/include -I/usr/include conftest.c >&5
configure:13263: $? = 0
configure:13263: gcc -c -g -O2  -I/usr/include -I/usr/include conftest.c >&5
conftest.c: In function 'main':
conftest.c:64:12: error: size of array 'test_array' is negative
   64 | static int test_array [1 - 2 * !((int16_t) (((((int16_t) 1 << N) << N) - 1) * 2 + 1)
      |            ^~~~~~~~~~
configure:13263: $? = 1
configure: failed program was:
| /* confdefs.h */
| #define PACKAGE_NAME "rcssmonitor"
| #define PACKAGE_TARNAME "rcssmonitor"
| #define PACKAGE_VERSION "17.0.0"
| #define PACKAGE_STRING "rcssmonitor 17.0.0"
| #define PACKAGE_BUGREPORT "https://github.com/rcsoccersim/rcssmonitor"
| #define PACKAGE_URL ""
| #define PACKAGE "rcssmonitor"
| #define VERSION "17.0.0"
| #define STDC_HEADERS 1
| #define HAVE_SYS_TYPES_H 1
| #define HAVE_SYS_STAT_H 1
| #define HAVE_STDLIB_H 1
| #define HAVE_STRING_H 1
| #define HAVE_MEMORY_H 1
| #define HAVE_STRINGS_H 1
| #define HAVE_INTTYPES_H 1
| #define HAVE_STDINT_H 1
| #define HAVE_UNISTD_H 1
| #define HAVE_DLFCN_H 1
| #define LT_OBJDIR ".libs/"
| #define HAVE_LIBZ 1
| #define HAVE_ARPA_INET_H 1
| #define HAVE__BOOL 1
| #define HAVE_STDBOOL_H 1
| /* end confdefs.h.  */
| #include <stdio.h>
| #ifdef HAVE_SYS_TYPES_H
| # include <sys/types.h>
| #endif
| #ifdef HAVE_SYS_STAT_H
| # include <sys/stat.h>
| #endif
| #ifdef STDC_HEADERS
| # include <stdlib.h>
| # include <stddef.h>
| #else
| # ifdef HAVE_STDLIB_H
| #  include <stdlib.h>
| # endif
| #endif
| #ifdef HAVE_STRING_H
| # if !defined STDC_HEADERS && defined HAVE_MEMORY_H
| #  include <memory.h>
| # endif
| # include <string.h>
| #endif
| #ifdef HAVE_STRINGS_H
| # include <strings.h>
| #endif
| #ifdef HAVE_INTTYPES_H
| # include <inttypes.h>
| #endif
| #ifdef HAVE_STDINT_H
| # include <stdint.h>
| #endif
| #ifdef HAVE_UNISTD_H
| # include <unistd.h>
| #endif
| 	        enum { N = 16 / 2 - 1 };
| int
| main ()
| {
| static int test_array [1 - 2 * !((int16_t) (((((int16_t) 1 << N) << N) - 1) * 2 + 1)
| 		 < (int16_t) (((((int16_t) 1 << N) << N) - 1) * 2 + 2))];
| test_array [0] = 0;
| return test_array [0];
| 
|   ;
|   return 0;
| }
configure:13263: result: yes
configure:13274: checking for int32_t
configure:13274: gcc -c -g -O2  -I/usr/include -I/usr/include conftest.c >&5
configure:13274: $? = 0
configure:13274: gcc -c -g -O2  -I/usr/include -I/usr/include conftest.c >&5
conftest.c: In function 'main':
conftest.c:65:53: warning: integer overflow in expression of type 'int' results in '-2147483648' [-Woverflow]
   65 |    < (int32_t) (((((int32_t) 1 << N) << N) - 1) * 2 + 2))];
      |                                                     ^
conftest.c:64:12: error: storage size of 'test_array' isn't constant
   64 | static int test_array [1 - 2 * !((int32_t) (((((int32_t) 1 << N) << N) - 1) * 2 + 1)
      |            ^~~~~~~~~~
configure:13274: $? = 1
configure: failed program was:
| /* confdefs.h */
| #define PACKAGE_NAME "rcssmonitor"
| #define PACKAGE_TARNAME "rcssmonitor"
| #define PACKAGE_VERSION "17.0.0"
| #define PACKAGE_STRING "rcssmonitor 17.0.0"
| #define PACKAGE_BUGREPORT "https://github.com/rcsoccersim/rcssmonitor"
| #define PACKAGE_URL ""
| #define PACKAGE "rcssmonitor"
| #define VERSION "17.0.0"
| #define STDC_HEADERS 1
| #define HAVE_SYS_TYPES_H 1
| #define HAVE_SYS_STAT_H 1
| #define HAVE_STDLIB_H 1
| #define HAVE_STRING_H 1
| #define HAVE_MEMORY_H 1
| #define HAVE_STRINGS_H 1
| #define HAVE_INTTYPES_H 1
| #define HAVE_STDINT_H 1
| #define HAVE_UNISTD_H 1
| #define HAVE_DLFCN_H 1
| #define LT_OBJDIR ".libs/"
| #define HAVE_LIBZ 1
| #define HAVE_ARPA_INET_H 1
| #define HAVE__BOOL 1
| #define HAVE_STDBOOL_H 1
| /* end confdefs.h.  */
| #include <stdio.h>
| #ifdef HAVE_SYS_TYPES_H
| # include <sys/types.h>
| #endif
| #ifdef HAVE_SYS_STAT_H
| # include <sys/stat.h>
| #endif
| #ifdef STDC_HEADERS
| # include <stdlib.h>
| # include <stddef.h>
| #else
| # ifdef HAVE_STDLIB_H
| #  include <stdlib.h>
| # endif
| #endif
| #ifdef HAVE_STRING_H
| # if !defined STDC_HEADERS && defined HAVE_MEMORY_H
| #  include <memory.h>
| # endif
| # include <string.h>
| #endif
| #ifdef HAVE_STRINGS_H
| # include <strings.h>
| #endif
| #ifdef HAVE_INTTYPES_H
| # include <inttypes.h>
| #endif
| #ifdef HAVE_STDINT_H
| # include <stdint.h>
| #endif
| #ifdef HAVE_UNISTD_H
| # include <unistd.h>
| #endif
| 	        enum { N = 32 / 2 - 1 };
| int
| main ()
| {
| static int test_array [1 - 2 * !((int32_t) (((((int32_t) 1 << N) << N) - 1) * 2 + 1)
| 		 < (int32_t) (((((int32_t) 1 << N) << N) - 1) * 2 + 2))];
| test_array [0] = 0;
| return test_array [0];
| 
|   ;
|   return 0;
| }
configure:13274: result: yes
configure:13285: checking for size_t
configure:13285: gcc -c -g -O2  -I/usr/include -I/usr/include conftest.c >&5
configure:13285: $? = 0
configure:13285: gcc -c -g -O2  -I/usr/include -I/usr/include conftest.c >&5
conftest.c: In function 'main':
conftest.c:63:21: error: expected expression before ')' token
   63 | if (sizeof ((size_t)))
      |                     ^
configure:13285: $? = 1
configure: failed program was:
| /* confdefs.h */
| #define PACKAGE_NAME "rcssmonitor"
| #define PACKAGE_TARNAME "rcssmonitor"
| #define PACKAGE_VERSION "17.0.0"
| #define PACKAGE_STRING "rcssmonitor 17.0.0"
| #define PACKAGE_BUGREPORT "https://github.com/rcsoccersim/rcssmonitor"
| #define PACKAGE_URL ""
| #define PACKAGE "rcssmonitor"
| #define VERSION "17.0.0"
| #define STDC_HEADERS 1
| #define HAVE_SYS_TYPES_H 1
| #define HAVE_SYS_STAT_H 1
| #define HAVE_STDLIB_H 1
| #define HAVE_STRING_H 1
| #define HAVE_MEMORY_H 1
| #define HAVE_STRINGS_H 1
| #define HAVE_INTTYPES_H 1
| #define HAVE_STDINT_H 1
| #define HAVE_UNISTD_H 1
| #define HAVE_DLFCN_H 1
| #define LT_OBJDIR ".libs/"
| #define HAVE_LIBZ 1
| #define HAVE_ARPA_INET_H 1
| #define HAVE__BOOL 1
| #define HAVE_STDBOOL_H 1
| /* end confdefs.h.  */
| #include <stdio.h>
| #ifdef HAVE_SYS_TYPES_H
| # include <sys/types.h>
| #endif
| #ifdef HAVE_SYS_STAT_H
| # include <sys/stat.h>
| #endif
| #ifdef STDC_HEADERS
| # include <stdlib.h>
| # include <stddef.h>
| #else
| # ifdef HAVE_STDLIB_H
| #  include <stdlib.h>
| # endif
| #endif
| #ifdef HAVE_STRING_H
| # if !defined STDC_HEADERS && defined HAVE_MEMORY_H
| #  include <memory.h>
| # endif
| # include <string.h>
| #endif
| #ifdef HAVE_STRINGS_H
| # include <strings.h>
| #endif
| #ifdef HAVE_INTTYPES_H
| # include <inttypes.h>
| #endif
| #ifdef HAVE_STDINT_H
| # include <stdint.h>
| #endif
| #ifdef HAVE_UNISTD_H
| # include <unistd.h>
| #endif
| int
| main ()
| {
| if (sizeof ((size_t)))
| 	    return 0;
|   ;
|   return 0;
| }
configure:13285: result: yes
configure:13296: checking whether time.h and sys/time.h may both be included
configure:13316: gcc -c -g -O2  -I/usr/include -I/usr/include conftest.c >&5
configure:13316: $? = 0
configure:13323: result: yes
configure:13331: checking for uint16_t
configure:13331: gcc -c -g -O2  -I/usr/include -I/usr/include conftest.c >&5
configure:13331: $? = 0
configure:13331: result: yes
configure:13343: checking for uint32_t
configure:13343: gcc -c -g -O2  -I/usr/include -I/usr/include conftest.c >&5
configure:13343: $? = 0
configure:13343: result: yes
configure:13362: checking for error_at_line
configure:13378: gcc -o conftest -g -O2  -I/usr/include -I/usr/include  -L/usr/lib -L/usr/lib conftest.c -lz -lm  >&5
configure:13378: $? = 0
configure:13386: result: yes
configure:13400: checking for memset
configure:13400: gcc -o conftest -g -O2  -I/usr/include -I/usr/include  -L/usr/lib -L/usr/lib conftest.c -lz -lm  >&5
conftest.c:51:6: warning: conflicting types for built-in function 'memset'; expected 'void *(void *, int,  long unsigned int)' [-Wbuiltin-declaration-mismatch]
   51 | char memset ();
      |      ^~~~~~
conftest.c:39:1: note: 'memset' is declared in header '<string.h>'
   38 | # include <limits.h>
   39 | #else
configure:13400: $? = 0
configure:13400: result: yes
configure:13400: checking for rint
configure:13400: gcc -o conftest -g -O2  -I/usr/include -I/usr/include  -L/usr/lib -L/usr/lib conftest.c -lz -lm  >&5
conftest.c:52:6: warning: conflicting types for built-in function 'rint'; expected 'double(double)' [-Wbuiltin-declaration-mismatch]
   52 | char rint ();
      |      ^~~~
conftest.c:40:1: note: 'rint' is declared in header '<math.h>'
   39 | # include <limits.h>
   40 | #else
configure:13400: $? = 0
configure:13400: result: yes
configure:13400: checking for strtol
configure:13400: gcc -o conftest -g -O2  -I/usr/include -I/usr/include  -L/usr/lib -L/usr/lib conftest.c -lz -lm  >&5
configure:13400: $? = 0
configure:13400: result: yes
configure:13400: checking for pow
configure:13400: gcc -o conftest -g -O2  -I/usr/include -I/usr/include  -L/usr/lib -L/usr/lib conftest.c -lz -lm  >&5
conftest.c:54:6: warning: conflicting types for built-in function 'pow'; expected 'double(double,  double)' [-Wbuiltin-declaration-mismatch]
   54 | char pow ();
      |      ^~~
conftest.c:42:1: note: 'pow' is declared in header '<math.h>'
   41 | # include <limits.h>
   42 | #else
configure:13400: $? = 0
configure:13400: result: yes
configure:13400: checking for sqrt
configure:13400: gcc -o conftest -g -O2  -I/usr/include -I/usr/include  -L/usr/lib -L/usr/lib conftest.c -lz -lm  >&5
conftest.c:55:6: warning: conflicting types for built-in function 'sqrt'; expected 'double(double)' [-Wbuiltin-declaration-mismatch]
   55 | char sqrt ();
      |      ^~~~
conftest.c:43:1: note: 'sqrt' is declared in header '<math.h>'
   42 | # include <limits.h>
   43 | #else
configure:13400: $? = 0
configure:13400: result: yes
configure:13413: checking for X
configure:13521: gcc -E  -I/usr/include -I/usr/include conftest.c
configure:13521: $? = 0
configure:13552: gcc -o conftest -g -O2  -I/usr/include -I/usr/include  -L/usr/lib -L/usr/lib conftest.c -lX11 -lz -lm  >&5
configure:13552: $? = 0
configure:13602: result: libraries , headers 
configure:13701: gcc -o conftest -g -O2  -I/usr/include -I/usr/include  -L/usr/lib -L/usr/lib conftest.c -lz -lm   -lX11 >&5
configure:13701: $? = 0
configure:13799: checking for gethostbyname
configure:13799: gcc -o conftest -g -O2  -I/usr/include -I/usr/include  -L/usr/lib -L/usr/lib conftest.c -lz -lm  >&5
configure:13799: $? = 0
configure:13799: result: yes
configure:13896: checking for connect
configure:13896: gcc -o conftest -g -O2  -I/usr/include -I/usr/include  -L/usr/lib -L/usr/lib conftest.c -lz -lm  >&5
configure:13896: $? = 0
configure:13896: result: yes
configure:13945: checking for remove
configure:13945: gcc -o conftest -g -O2  -I/usr/include -I/usr/include  -L/usr/lib -L/usr/lib conftest.c -lz -lm  >&5
configure:13945: $? = 0
configure:13945: result: yes
configure:13994: checking for shmat
configure:13994: gcc -o conftest -g -O2  -I/usr/include -I/usr/include  -L/usr/lib -L/usr/lib conftest.c -lz -lm  >&5
configure:13994: $? = 0
configure:13994: result: yes
configure:14052: checking for IceConnectionNumber in -lICE
configure:14077: gcc -o conftest -g -O2  -I/usr/include -I/usr/include  -L/usr/lib -L/usr/lib conftest.c -lICE  -lz -lm  >&5
configure:14077: $? = 0
configure:14086: result: yes
configure:14101: checking for Qt
configure:14111: checking for qmake
configure:14127: found /usr/bin/qmake
configure:14138: result: qmake
configure:14223: result: yes:
    QT_CXXFLAGS=-pipe -O2 -Wall -W -D_REENTRANT -fPIC -DQT_NO_DEBUG -DQT_DESIGNER_LIB -DQT_UIPLUGIN_LIB -DQT_HELP_LIB -DQT_OPENGL_LIB -DQT_PRINTSUPPORT_LIB -DQT_QMLTEST_LIB -DQT_UITOOLS_LIB -DQT_WEBKITWIDGETS_LIB -DQT_WIDGETS_LIB -DQT_X11EXTRAS_LIB -DQT_WEBKIT_LIB -DQT_GUI_LIB -DQT_CONCURRENT_LIB -DQT_DBUS_LIB -DQT_XML_LIB -DQT_SQL_LIB -DQT_QML_LIB -DQT_NETWORK_LIB -DQT_TESTLIB_LIB -DQT_CORE_LIB -DQT_TESTCASE_BUILDDIR="/tmp/tmp.90wOcz5L5r" -I. -isystem /usr/include/x86_64-linux-gnu/qt5 -isystem /usr/include/x86_64-linux-gnu/qt5/QtDesigner -isystem /usr/include/x86_64-linux-gnu/qt5/QtUiPlugin -isystem /usr/include/x86_64-linux-gnu/qt5/QtHelp -isystem /usr/include/x86_64-linux-gnu/qt5/QtOpenGL -isystem /usr/include/x86_64-linux-gnu/qt5/QtPrintSupport -isystem /usr/include/x86_64-linux-gnu/qt5/QtQuickTest -isystem /usr/include/x86_64-linux-gnu/qt5/QtUiTools -isystem /usr/include/x86_64-linux-gnu/qt5/QtWebKitWidgets -isystem /usr/include/x86_64-linux-gnu/qt5/QtWidgets -isystem /usr/include/x86_64-linux-gnu/qt5/QtX11Extras -isystem /usr/include/x86_64-linux-gnu/qt5/QtWebKit -isystem /usr/include/x86_64-linux-gnu/qt5/QtGui -isystem /usr/include/x86_64-linux-gnu/qt5/QtConcurrent -isystem /usr/include/x86_64-linux-gnu/qt5/QtDBus -isystem /usr/include/x86_64-linux-gnu/qt5/QtXml -isystem /usr/include/x86_64-linux-gnu/qt5/QtSql -isystem /usr/include/x86_64-linux-gnu/qt5/QtQml -isystem /usr/include/x86_64-linux-gnu/qt5/QtNetwork -isystem /usr/include/x86_64-linux-gnu/qt5/QtTest -isystem /usr/include/x86_64-linux-gnu/qt5/QtCore -I. -I/usr/lib/x86_64-linux-gnu/qt5/mkspecs/linux-g++ 
    QT_DIR=/usr/lib/x86_64-linux-gnu
    QT_LIBS=/usr/lib/x86_64-linux-gnu/libQt5Designer.so /usr/lib/x86_64-linux-gnu/libQt5Help.so /usr/lib/x86_64-linux-gnu/libQt5OpenGL.so /usr/lib/x86_64-linux-gnu/libQt5PrintSupport.so /usr/lib/x86_64-linux-gnu/libQt5QuickTest.so /usr/lib/x86_64-linux-gnu/libQt5UiTools.a /usr/lib/x86_64-linux-gnu/libQt5WebKitWidgets.so /usr/lib/x86_64-linux-gnu/libQt5Widgets.so /usr/lib/x86_64-linux-gnu/libQt5X11Extras.so /usr/lib/x86_64-linux-gnu/libQt5WebKit.so /usr/lib/x86_64-linux-gnu/libQt5Gui.so /usr/lib/x86_64-linux-gnu/libQt5Concurrent.so /usr/lib/x86_64-linux-gnu/libQt5DBus.so /usr/lib/x86_64-linux-gnu/libQt5Xml.so /usr/lib/x86_64-linux-gnu/libQt5Sql.so /usr/lib/x86_64-linux-gnu/libQt5Qml.so /usr/lib/x86_64-linux-gnu/libQt5Network.so /usr/lib/x86_64-linux-gnu/libQt5Test.so /usr/lib/x86_64-linux-gnu/libQt5Core.so /usr/lib/x86_64-linux-gnu/libGL.so -lpthread  
    QT_UIC=/usr/bin/uic
    QT_MOC=/usr/bin/moc
    QT_RCC=/usr/bin/rcc
    QT_LRELEASE=/usr/bin/lrelease
    QT_LUPDATE=/usr/bin/lupdate
configure:14258: checking correct functioning of Qt installation
configure:14292: /usr/bin/moc ax_qt_test.h -o moc_ax_qt_test.c >/dev/null 2>/dev/null
configure:14295: $? = 0
configure:14303: g++ -pipe -O2 -Wall -W -D_REENTRANT -fPIC -DQT_NO_DEBUG -DQT_DESIGNER_LIB -DQT_UIPLUGIN_LIB -DQT_HELP_LIB -DQT_OPENGL_LIB -DQT_PRINTSUPPORT_LIB -DQT_QMLTEST_LIB -DQT_UITOOLS_LIB -DQT_WEBKITWIDGETS_LIB -DQT_WIDGETS_LIB -DQT_X11EXTRAS_LIB -DQT_WEBKIT_LIB -DQT_GUI_LIB -DQT_CONCURRENT_LIB -DQT_DBUS_LIB -DQT_XML_LIB -DQT_SQL_LIB -DQT_QML_LIB -DQT_NETWORK_LIB -DQT_TESTLIB_LIB -DQT_CORE_LIB -DQT_TESTCASE_BUILDDIR=/tmp/tmp.90wOcz5L5r -I. -isystem /usr/include/x86_64-linux-gnu/qt5 -isystem /usr/include/x86_64-linux-gnu/qt5/QtDesigner -isystem /usr/include/x86_64-linux-gnu/qt5/QtUiPlugin -isystem /usr/include/x86_64-linux-gnu/qt5/QtHelp -isystem /usr/include/x86_64-linux-gnu/qt5/QtOpenGL -isystem /usr/include/x86_64-linux-gnu/qt5/QtPrintSupport -isystem /usr/include/x86_64-linux-gnu/qt5/QtQuickTest -isystem /usr/include/x86_64-linux-gnu/qt5/QtUiTools -isystem /usr/include/x86_64-linux-gnu/qt5/QtWebKitWidgets -isystem /usr/include/x86_64-linux-gnu/qt5/QtWidgets -isystem /usr/include/x86_64-linux-gnu/qt5/QtX11Extras -isystem /usr/include/x86_64-linux-gnu/qt5/QtWebKit -isystem /usr/include/x86_64-linux-gnu/qt5/QtGui -isystem /usr/include/x86_64-linux-gnu/qt5/QtConcurrent -isystem /usr/include/x86_64-linux-gnu/qt5/QtDBus -isystem /usr/include/x86_64-linux-gnu/qt5/QtXml -isystem /usr/include/x86_64-linux-gnu/qt5/QtSql -isystem /usr/include/x86_64-linux-gnu/qt5/QtQml -isystem /usr/include/x86_64-linux-gnu/qt5/QtNetwork -isystem /usr/include/x86_64-linux-gnu/qt5/QtTest -isystem /usr/include/x86_64-linux-gnu/qt5/QtCore -I. -I/usr/lib/x86_64-linux-gnu/qt5/mkspecs/linux-g++  -c -g -O2 -o moc_ax_qt_test.o moc_ax_qt_test.c >/dev/null 2>/dev/null
configure:14306: $? = 0
configure:14314: g++ -pipe -O2 -Wall -W -D_REENTRANT -fPIC -DQT_NO_DEBUG -DQT_DESIGNER_LIB -DQT_UIPLUGIN_LIB -DQT_HELP_LIB -DQT_OPENGL_LIB -DQT_PRINTSUPPORT_LIB -DQT_QMLTEST_LIB -DQT_UITOOLS_LIB -DQT_WEBKITWIDGETS_LIB -DQT_WIDGETS_LIB -DQT_X11EXTRAS_LIB -DQT_WEBKIT_LIB -DQT_GUI_LIB -DQT_CONCURRENT_LIB -DQT_DBUS_LIB -DQT_XML_LIB -DQT_SQL_LIB -DQT_QML_LIB -DQT_NETWORK_LIB -DQT_TESTLIB_LIB -DQT_CORE_LIB -DQT_TESTCASE_BUILDDIR=/tmp/tmp.90wOcz5L5r -I. -isystem /usr/include/x86_64-linux-gnu/qt5 -isystem /usr/include/x86_64-linux-gnu/qt5/QtDesigner -isystem /usr/include/x86_64-linux-gnu/qt5/QtUiPlugin -isystem /usr/include/x86_64-linux-gnu/qt5/QtHelp -isystem /usr/include/x86_64-linux-gnu/qt5/QtOpenGL -isystem /usr/include/x86_64-linux-gnu/qt5/QtPrintSupport -isystem /usr/include/x86_64-linux-gnu/qt5/QtQuickTest -isystem /usr/include/x86_64-linux-gnu/qt5/QtUiTools -isystem /usr/include/x86_64-linux-gnu/qt5/QtWebKitWidgets -isystem /usr/include/x86_64-linux-gnu/qt5/QtWidgets -isystem /usr/include/x86_64-linux-gnu/qt5/QtX11Extras -isystem /usr/include/x86_64-linux-gnu/qt5/QtWebKit -isystem /usr/include/x86_64-linux-gnu/qt5/QtGui -isystem /usr/include/x86_64-linux-gnu/qt5/QtConcurrent -isystem /usr/include/x86_64-linux-gnu/qt5/QtDBus -isystem /usr/include/x86_64-linux-gnu/qt5/QtXml -isystem /usr/include/x86_64-linux-gnu/qt5/QtSql -isystem /usr/include/x86_64-linux-gnu/qt5/QtQml -isystem /usr/include/x86_64-linux-gnu/qt5/QtNetwork -isystem /usr/include/x86_64-linux-gnu/qt5/QtTest -isystem /usr/include/x86_64-linux-gnu/qt5/QtCore -I. -I/usr/lib/x86_64-linux-gnu/qt5/mkspecs/linux-g++  -c -g -O2 -o ax_qt_main.o ax_qt_main.c >/dev/null 2>/dev/null
configure:14317: $? = 0
configure:14325: g++ -o ax_qt_main ax_qt_main.o moc_ax_qt_test.o /usr/lib/x86_64-linux-gnu/libQt5Designer.so /usr/lib/x86_64-linux-gnu/libQt5Help.so /usr/lib/x86_64-linux-gnu/libQt5OpenGL.so /usr/lib/x86_64-linux-gnu/libQt5PrintSupport.so /usr/lib/x86_64-linux-gnu/libQt5QuickTest.so /usr/lib/x86_64-linux-gnu/libQt5UiTools.a /usr/lib/x86_64-linux-gnu/libQt5WebKitWidgets.so /usr/lib/x86_64-linux-gnu/libQt5Widgets.so /usr/lib/x86_64-linux-gnu/libQt5X11Extras.so /usr/lib/x86_64-linux-gnu/libQt5WebKit.so /usr/lib/x86_64-linux-gnu/libQt5Gui.so /usr/lib/x86_64-linux-gnu/libQt5Concurrent.so /usr/lib/x86_64-linux-gnu/libQt5DBus.so /usr/lib/x86_64-linux-gnu/libQt5Xml.so /usr/lib/x86_64-linux-gnu/libQt5Sql.so /usr/lib/x86_64-linux-gnu/libQt5Qml.so /usr/lib/x86_64-linux-gnu/libQt5Network.so /usr/lib/x86_64-linux-gnu/libQt5Test.so /usr/lib/x86_64-linux-gnu/libQt5Core.so /usr/lib/x86_64-linux-gnu/libGL.so -lpthread   -lz -lm  >/dev/null 2>/dev/null
configure:14328: $? = 0
configure:14340: result: success
configure:14349: checking whether g++ supports C++14 features with -std=c++14
configure:14767: g++ -std=c++14 -c -g -O2  -I/usr/include -I/usr/include conftest.cpp >&5
configure:14767: $? = 0
configure:14776: result: yes
configure:14929: checking that generated files are newer than configure
configure:14935: result: done
configure:14970: creating ./config.status

## ---------------------- ##
## Running config.status. ##
## ---------------------- ##

This file was extended by rcssmonitor config.status 17.0.0, which was
generated by GNU Autoconf 2.69.  Invocation command line was

  CONFIG_FILES    = 
  CONFIG_HEADERS  = 
  CONFIG_LINKS    = 
  CONFIG_COMMANDS = 
  $ ./config.status 

on borg

config.status:1188: creating Makefile
config.status:1188: creating rcss/Makefile
config.status:1188: creating rcss/rcg/Makefile
config.status:1188: creating src/Makefile
config.status:1188: creating config.h
config.status:1417: executing depfiles commands
config.status:1494: cd rcss/rcg       && sed -e '/# am--include-marker/d' Makefile         | make -f - am--depfiles
config.status:1499: $? = 0
config.status:1494: cd src       && sed -e '/# am--include-marker/d' Makefile         | make -f - am--depfiles
config.status:1499: $? = 0
config.status:1417: executing libtool commands

## ---------------- ##
## Cache variables. ##
## ---------------- ##

ac_cv_build=x86_64-pc-linux-gnu
ac_cv_c_compiler_gnu=yes
ac_cv_c_const=yes
ac_cv_c_inline=inline
ac_cv_c_int16_t=yes
ac_cv_c_int32_t=yes
ac_cv_c_uint16_t=yes
ac_cv_c_uint32_t=yes
ac_cv_cxx_compiler_gnu=yes
ac_cv_env_CCC_set=
ac_cv_env_CCC_value=
ac_cv_env_CC_set=
ac_cv_env_CC_value=
ac_cv_env_CFLAGS_set=
ac_cv_env_CFLAGS_value=
ac_cv_env_CPPFLAGS_set=
ac_cv_env_CPPFLAGS_value=
ac_cv_env_CPP_set=
ac_cv_env_CPP_value=
ac_cv_env_CXXCPP_set=
ac_cv_env_CXXCPP_value=
ac_cv_env_CXXFLAGS_set=
ac_cv_env_CXXFLAGS_value=
ac_cv_env_CXX_set=
ac_cv_env_CXX_value=
ac_cv_env_LDFLAGS_set=
ac_cv_env_LDFLAGS_value=
ac_cv_env_LIBS_set=
ac_cv_env_LIBS_value=
ac_cv_env_LT_SYS_LIBRARY_PATH_set=
ac_cv_env_LT_SYS_LIBRARY_PATH_value=
ac_cv_env_XMKMF_set=
ac_cv_env_XMKMF_value=
ac_cv_env_build_alias_set=
ac_cv_env_build_alias_value=
ac_cv_env_host_alias_set=
ac_cv_env_host_alias_value=
ac_cv_env_target_alias_set=
ac_cv_env_target_alias_value=
ac_cv_func_connect=yes
ac_cv_func_gethostbyname=yes
ac_cv_func_memset=yes
ac_cv_func_pow=yes
ac_cv_func_remove=yes
ac_cv_func_rint=yes
ac_cv_func_shmat=yes
ac_cv_func_sqrt=yes
ac_cv_func_strtol=yes
ac_cv_have_x='have_x=yes	ac_x_includes='\'''\''	ac_x_libraries='\'''\'''
ac_cv_header_arpa_inet_h=yes
ac_cv_header_dlfcn_h=yes
ac_cv_header_inttypes_h=yes
ac_cv_header_memory_h=yes
ac_cv_header_stdbool_h=yes
ac_cv_header_stdc=yes
ac_cv_header_stdint_h=yes
ac_cv_header_stdlib_h=yes
ac_cv_header_string_h=yes
ac_cv_header_strings_h=yes
ac_cv_header_sys_stat_h=yes
ac_cv_header_sys_types_h=yes
ac_cv_header_time=yes
ac_cv_header_unistd_h=yes
ac_cv_header_zlib_h=yes
ac_cv_host=x86_64-pc-linux-gnu
ac_cv_lib_ICE_IceConnectionNumber=yes
ac_cv_lib_error_at_line=yes
ac_cv_lib_m_cos=yes
ac_cv_lib_z_inflateEnd=yes
ac_cv_objext=o
ac_cv_path_EGREP='/usr/bin/grep -E'
ac_cv_path_FGREP='/usr/bin/grep -F'
ac_cv_path_GREP=/usr/bin/grep
ac_cv_path_SED=/usr/bin/sed
ac_cv_path_install='/usr/bin/install -c'
ac_cv_path_lt_DD=/usr/bin/dd
ac_cv_path_mkdir=/usr/bin/mkdir
ac_cv_prog_AWK=mawk
ac_cv_prog_CPP='gcc -E'
ac_cv_prog_CXXCPP='g++ -E'
ac_cv_prog_ac_ct_AR=ar
ac_cv_prog_ac_ct_CC=gcc
ac_cv_prog_ac_ct_CXX=g++
ac_cv_prog_ac_ct_MANIFEST_TOOL=mt
ac_cv_prog_ac_ct_OBJDUMP=objdump
ac_cv_prog_ac_ct_RANLIB=ranlib
ac_cv_prog_ac_ct_STRIP=strip
ac_cv_prog_am_have_qt_qmexe=qmake
ac_cv_prog_cc_c89=
ac_cv_prog_cc_g=yes
ac_cv_prog_cxx_g=yes
ac_cv_prog_make_make_set=yes
ac_cv_type__Bool=yes
ac_cv_type_size_t=yes
am_cv_CC_dependencies_compiler_type=gcc3
am_cv_CXX_dependencies_compiler_type=gcc3
am_cv_make_support_nested_variables=yes
am_cv_prog_cc_c_o=yes
ax_cv_cxx_compile_cxx14__std_cpp14=yes
ax_cv_qt_test_result=success
lt_cv_ar_at_file=@
lt_cv_archive_cmds_need_lc=no
lt_cv_deplibs_check_method=pass_all
lt_cv_file_magic_cmd='$MAGIC_CMD'
lt_cv_file_magic_test_file=
lt_cv_ld_reload_flag=-r
lt_cv_nm_interface='BSD nm'
lt_cv_objdir=.libs
lt_cv_path_LD=/usr/bin/ld
lt_cv_path_LDCXX='/usr/bin/ld -m elf_x86_64'
lt_cv_path_NM='/usr/bin/nm -B'
lt_cv_path_mainfest_tool=no
lt_cv_prog_compiler_c_o=yes
lt_cv_prog_compiler_c_o_CXX=yes
lt_cv_prog_compiler_pic='-fPIC -DPIC'
lt_cv_prog_compiler_pic_CXX='-fPIC -DPIC'
lt_cv_prog_compiler_pic_works=yes
lt_cv_prog_compiler_pic_works_CXX=yes
lt_cv_prog_compiler_rtti_exceptions=no
lt_cv_prog_compiler_static_works=yes
lt_cv_prog_compiler_static_works_CXX=yes
lt_cv_prog_gnu_ld=yes
lt_cv_prog_gnu_ldcxx=yes
lt_cv_sharedlib_from_linklib_cmd='printf %s\n'
lt_cv_shlibpath_overrides_runpath=yes
lt_cv_sys_global_symbol_pipe='sed -n -e '\''s/^.*[	 ]\([ABCDGIRSTW][ABCDGIRSTW]*\)[	 ][	 ]*\([_A-Za-z][_A-Za-z0-9]*\)$/\1 \2 \2/p'\'' | sed '\''/ __gnu_lto/d'\'''
lt_cv_sys_global_symbol_to_c_name_address='sed -n -e '\''s/^: \(.*\) .*$/  {"\1", (void *) 0},/p'\'' -e '\''s/^[ABCDGIRSTW][ABCDGIRSTW]* .* \(.*\)$/  {"\1", (void *) \&\1},/p'\'''
lt_cv_sys_global_symbol_to_c_name_address_lib_prefix='sed -n -e '\''s/^: \(.*\) .*$/  {"\1", (void *) 0},/p'\'' -e '\''s/^[ABCDGIRSTW][ABCDGIRSTW]* .* \(lib.*\)$/  {"\1", (void *) \&\1},/p'\'' -e '\''s/^[ABCDGIRSTW][ABCDGIRSTW]* .* \(.*\)$/  {"lib\1", (void *) \&\1},/p'\'''
lt_cv_sys_global_symbol_to_cdecl='sed -n -e '\''s/^T .* \(.*\)$/extern int \1();/p'\'' -e '\''s/^[ABCDGIRSTW][ABCDGIRSTW]* .* \(.*\)$/extern char \1;/p'\'''
lt_cv_sys_global_symbol_to_import=
lt_cv_sys_max_cmd_len=1572864
lt_cv_to_host_file_cmd=func_convert_file_noop
lt_cv_to_tool_file_cmd=func_convert_file_noop
lt_cv_truncate_bin='/usr/bin/dd bs=4096 count=1'
zlib_cv_libz=yes
zlib_cv_zlib_h=yes

## ----------------- ##
## Output variables. ##
## ----------------- ##

ACLOCAL='${SHELL} /home/borg/starter-stack/rcssmonitor/missing aclocal-1.16'
AMDEPBACKSLASH='\'
AMDEP_FALSE='#'
AMDEP_TRUE=''
AMTAR='$${TAR-tar}'
AM_BACKSLASH='\'
AM_DEFAULT_V='$(AM_DEFAULT_VERBOSITY)'
AM_DEFAULT_VERBOSITY='1'
AM_V='$(V)'
AR='ar'
AUTOCONF='${SHELL} /home/borg/starter-stack/rcssmonitor/missing autoconf'
AUTOHEADER='${SHELL} /home/borg/starter-stack/rcssmonitor/missing autoheader'
AUTOMAKE='${SHELL} /home/borg/starter-stack/rcssmonitor/missing automake-1.16'
AWK='mawk'
CC='gcc'
CCDEPMODE='depmode=gcc3'
CFLAGS='-g -O2'
CPP='gcc -E'
CPPFLAGS=' -I/usr/include -I/usr/include'
CXX='g++ -std=c++14'
CXXCPP='g++ -E -std=c++14'
CXXDEPMODE='depmode=gcc3'
CXXFLAGS='-g -O2'
CYGPATH_W='echo'
DEFS='-DHAVE_CONFIG_H'
DEPDIR='.deps'
DLLTOOL='false'
DSYMUTIL=''
DUMPBIN=''
ECHO_C=''
ECHO_N='-n'
ECHO_T=''
EGREP='/usr/bin/grep -E'
EXEEXT=''
FGREP='/usr/bin/grep -F'
GREP='/usr/bin/grep'
HAVE_CXX14='1'
INSTALL_DATA='${INSTALL} -m 644'
INSTALL_PROGRAM='${INSTALL}'
INSTALL_SCRIPT='${INSTALL}'
INSTALL_STRIP_PROGRAM='$(install_sh) -c -s'
LD='/usr/bin/ld -m elf_x86_64'
LDFLAGS=' -L/usr/lib -L/usr/lib'
LIBOBJS=''
LIBS='-lz -lm '
LIBTOOL='$(SHELL) $(top_builddir)/libtool'
LIBTOOL_DEPS='./ltmain.sh'
LIPO=''
LN_S='ln -s'
LTLIBOBJS=''
LT_SYS_LIBRARY_PATH=''
MAKEINFO='${SHELL} /home/borg/starter-stack/rcssmonitor/missing makeinfo'
MANIFEST_TOOL=':'
MKDIR_P='/usr/bin/mkdir -p'
NM='/usr/bin/nm -B'
NMEDIT=''
OBJDUMP='objdump'
OBJEXT='o'
OTOOL64=''
OTOOL=''
PACKAGE='rcssmonitor'
PACKAGE_BUGREPORT='https://github.com/rcsoccersim/rcssmonitor'
PACKAGE_NAME='rcssmonitor'
PACKAGE_STRING='rcssmonitor 17.0.0'
PACKAGE_TARNAME='rcssmonitor'
PACKAGE_URL=''
PACKAGE_VERSION='17.0.0'
PATH_SEPARATOR=':'
QT_CXXFLAGS='-pipe -O2 -Wall -W -D_REENTRANT -fPIC -DQT_NO_DEBUG -DQT_DESIGNER_LIB -DQT_UIPLUGIN_LIB -DQT_HELP_LIB -DQT_OPENGL_LIB -DQT_PRINTSUPPORT_LIB -DQT_QMLTEST_LIB -DQT_UITOOLS_LIB -DQT_WEBKITWIDGETS_LIB -DQT_WIDGETS_LIB -DQT_X11EXTRAS_LIB -DQT_WEBKIT_LIB -DQT_GUI_LIB -DQT_CONCURRENT_LIB -DQT_DBUS_LIB -DQT_XML_LIB -DQT_SQL_LIB -DQT_QML_LIB -DQT_NETWORK_LIB -DQT_TESTLIB_LIB -DQT_CORE_LIB -DQT_TESTCASE_BUILDDIR="/tmp/tmp.90wOcz5L5r" -I. -isystem /usr/include/x86_64-linux-gnu/qt5 -isystem /usr/include/x86_64-linux-gnu/qt5/QtDesigner -isystem /usr/include/x86_64-linux-gnu/qt5/QtUiPlugin -isystem /usr/include/x86_64-linux-gnu/qt5/QtHelp -isystem /usr/include/x86_64-linux-gnu/qt5/QtOpenGL -isystem /usr/include/x86_64-linux-gnu/qt5/QtPrintSupport -isystem /usr/include/x86_64-linux-gnu/qt5/QtQuickTest -isystem /usr/include/x86_64-linux-gnu/qt5/QtUiTools -isystem /usr/include/x86_64-linux-gnu/qt5/QtWebKitWidgets -isystem /usr/include/x86_64-linux-gnu/qt5/QtWidgets -isystem /usr/include/x86_64-linux-gnu/qt5/QtX11Extras -isystem /usr/include/x86_64-linux-gnu/qt5/QtWebKit -isystem /usr/include/x86_64-linux-gnu/qt5/QtGui -isystem /usr/include/x86_64-linux-gnu/qt5/QtConcurrent -isystem /usr/include/x86_64-linux-gnu/qt5/QtDBus -isystem /usr/include/x86_64-linux-gnu/qt5/QtXml -isystem /usr/include/x86_64-linux-gnu/qt5/QtSql -isystem /usr/include/x86_64-linux-gnu/qt5/QtQml -isystem /usr/include/x86_64-linux-gnu/qt5/QtNetwork -isystem /usr/include/x86_64-linux-gnu/qt5/QtTest -isystem /usr/include/x86_64-linux-gnu/qt5/QtCore -I. -I/usr/lib/x86_64-linux-gnu/qt5/mkspecs/linux-g++ '
QT_DIR='/usr/lib/x86_64-linux-gnu'
QT_LIBS='/usr/lib/x86_64-linux-gnu/libQt5Designer.so /usr/lib/x86_64-linux-gnu/libQt5Help.so /usr/lib/x86_64-linux-gnu/libQt5OpenGL.so /usr/lib/x86_64-linux-gnu/libQt5PrintSupport.so /usr/lib/x86_64-linux-gnu/libQt5QuickTest.so /usr/lib/x86_64-linux-gnu/libQt5UiTools.a /usr/lib/x86_64-linux-gnu/libQt5WebKitWidgets.so /usr/lib/x86_64-linux-gnu/libQt5Widgets.so /usr/lib/x86_64-linux-gnu/libQt5X11Extras.so /usr/lib/x86_64-linux-gnu/libQt5WebKit.so /usr/lib/x86_64-linux-gnu/libQt5Gui.so /usr/lib/x86_64-linux-gnu/libQt5Concurrent.so /usr/lib/x86_64-linux-gnu/libQt5DBus.so /usr/lib/x86_64-linux-gnu/libQt5Xml.so /usr/lib/x86_64-linux-gnu/libQt5Sql.so /usr/lib/x86_64-linux-gnu/libQt5Qml.so /usr/lib/x86_64-linux-gnu/libQt5Network.so /usr/lib/x86_64-linux-gnu/libQt5Test.so /usr/lib/x86_64-linux-gnu/libQt5Core.so /usr/lib/x86_64-linux-gnu/libGL.so -lpthread  '
QT_LRELEASE='/usr/bin/lrelease'
QT_LUPDATE='/usr/bin/lupdate'
QT_MOC='/usr/bin/moc'
QT_RCC='/usr/bin/rcc'
QT_UIC='/usr/bin/uic'
RANLIB='ranlib'
SED='/usr/bin/sed'
SET_MAKE=''
SHELL='/bin/bash'
STRIP='strip'
VERSION='17.0.0'
XMKMF=''
X_CFLAGS=''
X_EXTRA_LIBS=''
X_LIBS=''
X_PRE_LIBS=' -lSM -lICE'
ac_ct_AR='ar'
ac_ct_CC='gcc'
ac_ct_CXX='g++'
ac_ct_DUMPBIN=''
am__EXEEXT_FALSE=''
am__EXEEXT_TRUE='#'
am__fastdepCC_FALSE='#'
am__fastdepCC_TRUE=''
am__fastdepCXX_FALSE='#'
am__fastdepCXX_TRUE=''
am__include='include'
am__isrc=''
am__leading_dot='.'
am__nodep='_no'
am__quote=''
am__tar='$${TAR-tar} chof - "$$tardir"'
am__untar='$${TAR-tar} xf -'
am_have_qt_qmexe='qmake'
bindir='${exec_prefix}/bin'
build='x86_64-pc-linux-gnu'
build_alias=''
build_cpu='x86_64'
build_os='linux-gnu'
build_vendor='pc'
datadir='${datarootdir}'
datarootdir='${prefix}/share'
docdir='${datarootdir}/doc/${PACKAGE_TARNAME}'
dvidir='${docdir}'
exec_prefix='${prefix}'
host='x86_64-pc-linux-gnu'
host_alias=''
host_cpu='x86_64'
host_os='linux-gnu'
host_vendor='pc'
htmldir='${docdir}'
includedir='${prefix}/include'
infodir='${datarootdir}/info'
install_sh='${SHELL} /home/borg/starter-stack/rcssmonitor/install-sh'
libdir='${exec_prefix}/lib'
libexecdir='${exec_prefix}/libexec'
localedir='${datarootdir}/locale'
localstatedir='${prefix}/var'
mandir='${datarootdir}/man'
mkdir_p='$(MKDIR_P)'
oldincludedir='/usr/include'
pdfdir='${docdir}'
prefix='/usr/local'
program_transform_name='s,x,x,'
psdir='${docdir}'
runstatedir='${localstatedir}/run'
sbindir='${exec_prefix}/sbin'
sharedstatedir='${prefix}/com'
sysconfdir='${prefix}/etc'
target_alias=''

## ----------- ##
## confdefs.h. ##
## ----------- ##

/* confdefs.h */
#define PACKAGE_NAME "rcssmonitor"
#define PACKAGE_TARNAME "rcssmonitor"
#define PACKAGE_VERSION "17.0.0"
#define PACKAGE_STRING "rcssmonitor 17.0.0"
#define PACKAGE_BUGREPORT "https://github.com/rcsoccersim/rcssmonitor"
#define PACKAGE_URL ""
#define PACKAGE "rcssmonitor"
#define VERSION "17.0.0"
#define STDC_HEADERS 1
#define HAVE_SYS_TYPES_H 1
#define HAVE_SYS_STAT_H 1
#define HAVE_STDLIB_H 1
#define HAVE_STRING_H 1
#define HAVE_MEMORY_H 1
#define HAVE_STRINGS_H 1
#define HAVE_INTTYPES_H 1
#define HAVE_STDINT_H 1
#define HAVE_UNISTD_H 1
#define HAVE_DLFCN_H 1
#define LT_OBJDIR ".libs/"
#define HAVE_LIBZ 1
#define HAVE_ARPA_INET_H 1
#define HAVE__BOOL 1
#define HAVE_STDBOOL_H 1
#define TIME_WITH_SYS_TIME 1
#define HAVE_MEMSET 1
#define HAVE_RINT 1
#define HAVE_STRTOL 1
#define HAVE_POW 1
#define HAVE_SQRT 1
#define HAVE_CXX14 1

configure: exit 0
